<?xml version="1.0" encoding="UTF-8" ?>
<testsuite errors="1" failures="0" hostname="danlee1997-PC" name="com.eviltester.seleniumtutorials.MySecondSeleniumTests" tests="1" time="0.0" timestamp="2013-02-24T20:31:24">
  <properties>
    <property name="ant.project.invoked-targets" value="exec" />
    <property name="java.runtime.name" value="Java(TM) SE Runtime Environment" />
    <property name="sun.boot.library.path" value="C:\Program Files (x86)\Java\jdk1.7.0_15\jre\bin" />
    <property name="java.vm.version" value="23.7-b01" />
    <property name="ant.library.dir" value="C:\Program Files (x86)\WinAnt\lib" />
    <property name="ant.version" value="Apache Ant(TM) version 1.8.2 compiled on December 20 2010" />
    <property name="ant.java.version" value="1.7" />
    <property name="java.vm.vendor" value="Oracle Corporation" />
    <property name="java.vendor.url" value="http://java.oracle.com/" />
    <property name="path.separator" value=";" />
    <property name="java.vm.name" value="Java HotSpot(TM) Client VM" />
    <property name="file.encoding.pkg" value="sun.io" />
    <property name="user.script" value="" />
    <property name="user.country" value="GB" />
    <property name="sun.java.launcher" value="SUN_STANDARD" />
    <property name="sun.os.patch.level" value="Service Pack 1" />
    <property name="java.vm.specification.name" value="Java Virtual Machine Specification" />
    <property name="user.dir" value="C:\Selenium_tests\InitialSeleniumTests" />
    <property name="lib" value="./lib" />
    <property name="java.runtime.version" value="1.7.0_15-b03" />
    <property name="bin" value="./bin" />
    <property name="java.awt.graphicsenv" value="sun.awt.Win32GraphicsEnvironment" />
    <property name="basedir" value="C:\Selenium_tests\InitialSeleniumTests" />
    <property name="java.endorsed.dirs" value="C:\Program Files (x86)\Java\jdk1.7.0_15\jre\lib\endorsed" />
    <property name="os.arch" value="x86" />
    <property name="ant.project.default-target" value="exec" />
    <property name="java.io.tmpdir" value="C:\Users\DANLEE~1\AppData\Local\Temp\" />
    <property name="ant.core.lib" value="C:\Program Files (x86)\WinAnt\lib\ant.jar" />
    <property name="line.separator" value="&#xd;&#xa;" />
    <property name="java.vm.specification.vendor" value="Oracle Corporation" />
    <property name="user.variant" value="" />
    <property name="os.name" value="Windows 7" />
    <property name="ant.home" value="C:\Program Files (x86)\WinAnt" />
    <property name="ant.project.name" value="Run Selenium Tests" />
    <property name="sun.jnu.encoding" value="Cp1252" />
    <property name="java.library.path" value="C:\Program Files (x86)\Java\jdk1.7.0_15\bin;C:\Windows\Sun\Java\bin;C:\Windows\system32;C:\Windows;C:\Windows\system32;C:\Windows;C:\Windows\System32\Wbem;C:\Windows\System32\WindowsPowerShell\v1.0\;C:\Program Files\Intel\WiFi\bin\;C:\Program Files\Common Files\Intel\WirelessCommon\;C:\Program Files (x86)\Java\jdk1.7.0_15\bin;C:\Program Files (x86)\WinAnt\bin;C:\Program Files\Intel\WiFi\bin\;C:\Program Files\Common Files\Intel\WirelessCommon\;." />
    <property name="src" value="./src" />
    <property name="java.class.version" value="51.0" />
    <property name="java.specification.name" value="Java Platform API Specification" />
    <property name="sun.management.compiler" value="HotSpot Client Compiler" />
    <property name="os.version" value="6.1" />
    <property name="ant.file" value="C:\Selenium_tests\InitialSeleniumTests\build.xml" />
    <property name="user.home" value="C:\Users\danlee1997" />
    <property name="user.timezone" value="" />
    <property name="java.awt.printerjob" value="sun.awt.windows.WPrinterJob" />
    <property name="java.specification.version" value="1.7" />
    <property name="file.encoding" value="Cp1252" />
    <property name="java.class.path" value="C:\Program Files (x86)\WinAnt\lib\ant-launcher.jar;C:\Program Files (x86)\WinAnt\lib\ant-antlr.jar;C:\Program Files (x86)\WinAnt\lib\ant-apache-bcel.jar;C:\Program Files (x86)\WinAnt\lib\ant-apache-bsf.jar;C:\Program Files (x86)\WinAnt\lib\ant-apache-log4j.jar;C:\Program Files (x86)\WinAnt\lib\ant-apache-oro.jar;C:\Program Files (x86)\WinAnt\lib\ant-apache-regexp.jar;C:\Program Files (x86)\WinAnt\lib\ant-apache-resolver.jar;C:\Program Files (x86)\WinAnt\lib\ant-apache-xalan2.jar;C:\Program Files (x86)\WinAnt\lib\ant-commons-logging.jar;C:\Program Files (x86)\WinAnt\lib\ant-commons-net.jar;C:\Program Files (x86)\WinAnt\lib\ant-contrib-1.0b3.jar;C:\Program Files (x86)\WinAnt\lib\ant-jai.jar;C:\Program Files (x86)\WinAnt\lib\ant-javamail.jar;C:\Program Files (x86)\WinAnt\lib\ant-jdepend.jar;C:\Program Files (x86)\WinAnt\lib\ant-jmf.jar;C:\Program Files (x86)\WinAnt\lib\ant-jsch.jar;C:\Program Files (x86)\WinAnt\lib\ant-junit.jar;C:\Program Files (x86)\WinAnt\lib\ant-junit4.jar;C:\Program Files (x86)\WinAnt\lib\ant-launcher.jar;C:\Program Files (x86)\WinAnt\lib\ant-netrexx.jar;C:\Program Files (x86)\WinAnt\lib\ant-swing.jar;C:\Program Files (x86)\WinAnt\lib\ant-testutil.jar;C:\Program Files (x86)\WinAnt\lib\ant.jar;C:\Program Files (x86)\Java\jdk1.7.0_15\lib\tools.jar" />
    <property name="user.name" value="danlee1997" />
    <property name="ant.file.Run Selenium Tests" value="C:\Selenium_tests\InitialSeleniumTests\build.xml" />
    <property name="java.vm.specification.version" value="1.7" />
    <property name="sun.java.command" value="org.apache.tools.ant.launch.Launcher" />
    <property name="sun.arch.data.model" value="32" />
    <property name="java.home" value="C:\Program Files (x86)\Java\jdk1.7.0_15\jre" />
    <property name="java.specification.vendor" value="Oracle Corporation" />
    <property name="user.language" value="en" />
    <property name="awt.toolkit" value="sun.awt.windows.WToolkit" />
    <property name="java.vm.info" value="mixed mode, sharing" />
    <property name="java.version" value="1.7.0_15" />
    <property name="java.ext.dirs" value="C:\Program Files (x86)\Java\jdk1.7.0_15\jre\lib\ext;C:\Windows\Sun\Java\lib\ext" />
    <property name="sun.boot.class.path" value="C:\Program Files (x86)\Java\jdk1.7.0_15\jre\lib\resources.jar;C:\Program Files (x86)\Java\jdk1.7.0_15\jre\lib\rt.jar;C:\Program Files (x86)\Java\jdk1.7.0_15\jre\lib\sunrsasign.jar;C:\Program Files (x86)\Java\jdk1.7.0_15\jre\lib\jsse.jar;C:\Program Files (x86)\Java\jdk1.7.0_15\jre\lib\jce.jar;C:\Program Files (x86)\Java\jdk1.7.0_15\jre\lib\charsets.jar;C:\Program Files (x86)\Java\jdk1.7.0_15\jre\lib\jfr.jar;C:\Program Files (x86)\Java\jdk1.7.0_15\jre\classes" />
    <property name="java.vendor" value="Oracle Corporation" />
    <property name="ant.file.type.Run Selenium Tests" value="file" />
    <property name="file.separator" value="\" />
    <property name="java.vendor.url.bug" value="http://bugreport.sun.com/bugreport/" />
    <property name="report" value="./report" />
    <property name="sun.cpu.endian" value="little" />
    <property name="sun.io.unicode.encoding" value="UnicodeLittle" />
    <property name="ant.file.type" value="file" />
    <property name="sun.desktop" value="windows" />
    <property name="sun.cpu.isalist" value="pentium_pro+mmx pentium_pro pentium+mmx pentium i486 i386 i86" />
  </properties>
  <error message="com.eviltester.seleniumtutorials.MySecondSeleniumTests" type="java.lang.ClassNotFoundException">java.lang.ClassNotFoundException: com.eviltester.seleniumtutorials.MySecondSeleniumTests
	at java.lang.ClassLoader.loadClass(ClassLoader.java:356)
	at java.lang.Class.forName0(Native Method)
	at java.lang.Class.forName(Class.java:266)
</error>
  <system-out><![CDATA[]]></system-out>
  <system-err><![CDATA[]]></system-err>
</testsuite>
